Arguments: 
  C:\Program Files (x86)\node\node.exe C:\Program Files (x86)\bin\yarn.js

PATH: 
  C:\Users\Ang\AppData\Roaming\npm;C:\Program Files (x86)\node\;"C:\Windows\system32;C:\Users\Ang\AppData\Roaming\npm;C:\Program Files (x86)\node\";C:\Program Files (x86)\Intel\iCLS Client\;C:\Program Files\Intel\iCLS Client\;C:\Windows;C:\Windows\System32\Wbem;C:\Windows\System32\WindowsPowerShell\v1.0\;C:\Program Files (x86)\NVIDIA Corporation\PhysX\Common;C:\Program Files (x86)\Intel\Intel(R) Management Engine Components\DAL;C:\Program Files\Intel\Intel(R) Management Engine Components\DAL;C:\Program Files (x86)\Intel\Intel(R) Management Engine Components\IPT;C:\Program Files\Intel\Intel(R) Management Engine Components\IPT;C:\Program Files\Intel\WiFi\bin\;C:\Program Files\Common Files\Intel\WirelessCommon\;C:\WINDOWS\system32;C:\WINDOWS;C:\WINDOWS\System32\Wbem;C:\WINDOWS\System32\WindowsPowerShell\v1.0\;C:\Program Files (x86)\bin;"C:\Python27\;C:\Python27";C:\Program Files (x86)\Windows Kits\8.1\Windows Performance Toolkit\;C:\Program Files (x86)\Git\cmd;C:\WINDOWS\System32\OpenSSH\;C:\Program Files (x86)\Common Files\Intuit\QBPOSSDKRuntime;C:\Program Files (x86)\node\;C:\Ruby25-x64\bin;C:\Ruby25\bin;C:\Users\Ang\AppData\Local\Yarn\bin;C:\Users\Ang\AppData\Local\atom\bin;C:\Users\Ang\AppData\Local\GitHubDesktop\bin;C:\Users\Ang\AppData\Local\Microsoft\WindowsApps;C:\Users\Ang\AppData\Roaming\npm

Yarn version: 
  1.2.1

Node version: 
  10.5.0

Platform: 
  win32 x64

npm manifest: 
  {
    "name": "nodeone",
    "version": "1.0.0",
    "description": "My first node ",
    "main": "index.js",
    "scripts": {
      "start": "node server/server.js",
      "test": "echo \"Error: no test specified\" && exit 1",
      "watch": "node server/server.js"
    },
    "author": "Ang",
    "license": "ISC",
    "dependencies": {
      "body-parser": "^1.18.3",
      "bootstrap": "^4.1.3",
      "clear": "0.1.0",
      "dotenv": "^5.0.1",
      "express": "^4.16.3",
      "jquery": "^3.3.1",
      "lodash": "^4.17.11",
      "mongoose": "^5.3.2",
      "pug": "^2.0.3",
      "react": "^16.5.2"
    },
    "devDependencies": {
      "browser-sync": "^2.24.5",
      "gulp": "^3.9.1",
      "gulp-autoprefixer": "^5.0.0",
      "gulp-sass": "^4.0.1",
      "gulp-touch": "^1.0.1",
      "gulp-watch": "^5.0.1",
      "node-sass": "^4.9.3",
      "webpack": "^4.12.1"
    }
  }

yarn manifest: 
  No manifest

Lockfile: 
  No lockfile

Trace: 
  Error: https://registry.yarnpkg.com/body-parser/-/body-parser-1.18.3.tgz: error:0906D06C:PEM routines:PEM_read_bio:no start line
      at Object.createSecureContext (_tls_common.js:144:17)
      at Object.exports.connect (_tls_wrap.js:1119:48)
      at Agent.createConnection (https.js:119:22)
      at Agent.createSocket (_http_agent.js:226:26)
      at Agent.addRequest (_http_agent.js:184:10)
      at new ClientRequest (_http_client.js:239:16)
      at Object.request (https.js:272:10)
      at Request.module.exports.Request.start (C:\Program Files (x86)\lib\cli.js:123578:32)
      at Request.module.exports.Request.end (C:\Program Files (x86)\lib\cli.js:124348:10)
      at end (C:\Program Files (x86)\lib\cli.js:123390:14)
